1542116115925	mozrunner::runner	INFO	Running command: "/usr/bin/firefox" "-marionette" "-foreground" "-no-remote" "-profile" "/tmp/rust_mozprofile.hvn7eTNF2dJT"
1542116128261	Marionette	INFO	Listening on port 38941
1542116128324	Marionette	WARN	TLS certificate errors will be ignored for this session
console.error: BroadcastService: 
  receivedBroadcastMessage: handler for
  remote-settings/monitor_changes
  threw error:
  Message: Error: Polling for changes failed: NetworkError when attempting to fetch resource..
  Stack:
    remoteSettingsFunction/remoteSettings.pollChanges@resource://services-settings/remote-settings.js:721:13

console.error: "TypeError: currentNode is null: canMutationImpactCurrentStyles@resource://devtools/shared/base-loader.js -> resource://devtools/client/inspector/shared/style-change-tracker.js:64:11\nonMutations@resource://devtools/shared/base-loader.js -> resource://devtools/client/inspector/shared/style-change-tracker.js:82:11\nemit@resource://devtools/shared/base-loader.js -> resource://devtools/shared/event-emitter.js:178:15\nemit@resource://devtools/shared/base-loader.js -> resource://devtools/shared/event-emitter.js:255:5\nWalkerFront<.getMutations</<@resource://devtools/shared/base-loader.js -> resource://devtools/shared/fronts/inspector.js:414:7\n"
TypeError: currentNode is null: canMutationImpactCurrentStyles@resource://devtools/shared/base-loader.js -> resource://devtools/client/inspector/shared/style-change-tracker.js:64:11
onMutations@resource://devtools/shared/base-loader.js -> resource://devtools/client/inspector/shared/style-change-tracker.js:82:11
emit@resource://devtools/shared/base-loader.js -> resource://devtools/shared/event-emitter.js:178:15
emit@resource://devtools/shared/base-loader.js -> resource://devtools/shared/event-emitter.js:255:5
WalkerFront<.getMutations</<@resource://devtools/shared/base-loader.js -> resource://devtools/shared/fronts/inspector.js:414:7

1542116553578	mozrunner::runner	INFO	Running command: "/usr/bin/firefox" "-marionette" "-foreground" "-no-remote" "-profile" "/tmp/rust_mozprofile.D839wIiPPgMA"
1542116610380	Marionette	INFO	Listening on port 42537
1542116612808	Marionette	WARN	TLS certificate errors will be ignored for this session
console.error: "Tried to send a 'tabDetached' event on an already destroyed actor 'frameTarget'"
1542116717119	Marionette	ERROR	[6442450945] No reply from Marionette:Register
JavaScript error: chrome://marionette/content/listener.js, line 456: TypeError: reply[0] is undefined
1542116717987	Marionette	ERROR	[6442450947] No reply from Marionette:Register
JavaScript error: chrome://marionette/content/listener.js, line 456: TypeError: reply[0] is undefined
1542116722619	Marionette	INFO	Stopped listening on port 38941
console.error: "TypeError: currentNode is null: canMutationImpactCurrentStyles@resource://devtools/shared/base-loader.js -> resource://devtools/client/inspector/shared/style-change-tracker.js:64:11\nonMutations@resource://devtools/shared/base-loader.js -> resource://devtools/client/inspector/shared/style-change-tracker.js:82:11\nemit@resource://devtools/shared/base-loader.js -> resource://devtools/shared/event-emitter.js:178:15\nemit@resource://devtools/shared/base-loader.js -> resource://devtools/shared/event-emitter.js:255:5\nWalkerFront<.getMutations</<@resource://devtools/shared/base-loader.js -> resource://devtools/shared/fronts/inspector.js:414:7\n"
TypeError: currentNode is null: canMutationImpactCurrentStyles@resource://devtools/shared/base-loader.js -> resource://devtools/client/inspector/shared/style-change-tracker.js:64:11
onMutations@resource://devtools/shared/base-loader.js -> resource://devtools/client/inspector/shared/style-change-tracker.js:82:11
emit@resource://devtools/shared/base-loader.js -> resource://devtools/shared/event-emitter.js:178:15
emit@resource://devtools/shared/base-loader.js -> resource://devtools/shared/event-emitter.js:255:5
WalkerFront<.getMutations</<@resource://devtools/shared/base-loader.js -> resource://devtools/shared/fronts/inspector.js:414:7

console.error: "TypeError: currentNode is null: canMutationImpactCurrentStyles@resource://devtools/shared/base-loader.js -> resource://devtools/client/inspector/shared/style-change-tracker.js:64:11\nonMutations@resource://devtools/shared/base-loader.js -> resource://devtools/client/inspector/shared/style-change-tracker.js:82:11\nemit@resource://devtools/shared/base-loader.js -> resource://devtools/shared/event-emitter.js:178:15\nemit@resource://devtools/shared/base-loader.js -> resource://devtools/shared/event-emitter.js:255:5\nWalkerFront<.getMutations</<@resource://devtools/shared/base-loader.js -> resource://devtools/shared/fronts/inspector.js:414:7\n"
TypeError: currentNode is null: canMutationImpactCurrentStyles@resource://devtools/shared/base-loader.js -> resource://devtools/client/inspector/shared/style-change-tracker.js:64:11
onMutations@resource://devtools/shared/base-loader.js -> resource://devtools/client/inspector/shared/style-change-tracker.js:82:11
emit@resource://devtools/shared/base-loader.js -> resource://devtools/shared/event-emitter.js:178:15
emit@resource://devtools/shared/base-loader.js -> resource://devtools/shared/event-emitter.js:255:5
WalkerFront<.getMutations</<@resource://devtools/shared/base-loader.js -> resource://devtools/shared/fronts/inspector.js:414:7

console.error: "Error while calling actor 'pagestyle's method 'getComputed'" "node is null"
console.error: "getComputed@resource://devtools/shared/base-loader.js -> resource://devtools/server/actors/styles.js:227:5\nhandler@resource://devtools/shared/base-loader.js -> resource://devtools/shared/protocol.js:1178:21\nonPacket@resource://devtools/shared/base-loader.js -> resource://devtools/server/main.js:1721:15\nreceiveMessage@resource://devtools/shared/base-loader.js -> resource://devtools/shared/transport/child-transport.js:66:5\n"
console.error: "Protocol error (unknownError): node is null"
[Parent 17604, Gecko_IOThread] WARNING: pipe error (91): Connection reset by peer: file /build/firefox-4VfQCB/firefox-63.0+build2/ipc/chromium/src/chrome/common/ipc_channel_posix.cc, line 356
1542117968602	Marionette	INFO	Stopped listening on port 42537
1542117990441	mozrunner::runner	INFO	Running command: "/usr/bin/firefox" "-marionette" "-foreground" "-no-remote" "-profile" "/tmp/rust_mozprofile.u4UDqG6Y3R3A"
1542118008906	Marionette	INFO	Listening on port 44949
1542118008919	Marionette	WARN	TLS certificate errors will be ignored for this session
console.error: BroadcastService: 
  receivedBroadcastMessage: handler for
  remote-settings/monitor_changes
  threw error:
  Message: Error: Polling for changes failed: NetworkError when attempting to fetch resource..
  Stack:
    remoteSettingsFunction/remoteSettings.pollChanges@resource://services-settings/remote-settings.js:721:13

console.error: "TypeError: currentNode is null: canMutationImpactCurrentStyles@resource://devtools/shared/base-loader.js -> resource://devtools/client/inspector/shared/style-change-tracker.js:64:11\nonMutations@resource://devtools/shared/base-loader.js -> resource://devtools/client/inspector/shared/style-change-tracker.js:82:11\nemit@resource://devtools/shared/base-loader.js -> resource://devtools/shared/event-emitter.js:178:15\nemit@resource://devtools/shared/base-loader.js -> resource://devtools/shared/event-emitter.js:255:5\nWalkerFront<.getMutations</<@resource://devtools/shared/base-loader.js -> resource://devtools/shared/fronts/inspector.js:414:7\n"
TypeError: currentNode is null: canMutationImpactCurrentStyles@resource://devtools/shared/base-loader.js -> resource://devtools/client/inspector/shared/style-change-tracker.js:64:11
onMutations@resource://devtools/shared/base-loader.js -> resource://devtools/client/inspector/shared/style-change-tracker.js:82:11
emit@resource://devtools/shared/base-loader.js -> resource://devtools/shared/event-emitter.js:178:15
emit@resource://devtools/shared/base-loader.js -> resource://devtools/shared/event-emitter.js:255:5
WalkerFront<.getMutations</<@resource://devtools/shared/base-loader.js -> resource://devtools/shared/fronts/inspector.js:414:7

1542119114572	mozrunner::runner	INFO	Running command: "/usr/bin/firefox" "-marionette" "-foreground" "-no-remote" "-profile" "/tmp/rust_mozprofile.ewHEclOptdaA"
1542119124076	Marionette	INFO	Listening on port 38157
1542119124194	Marionette	WARN	TLS certificate errors will be ignored for this session

(/usr/lib/firefox/firefox:19061): dconf-WARNING **: 16:25:46.739: Unable to open /var/lib/snapd/desktop/dconf/profile/user: Permission denied
console.error: BroadcastService: 
  receivedBroadcastMessage: handler for
  remote-settings/monitor_changes
  threw error:
  Message: Error: Polling for changes failed: NetworkError when attempting to fetch resource..
  Stack:
    remoteSettingsFunction/remoteSettings.pollChanges@resource://services-settings/remote-settings.js:721:13

